<?xml version="1.0" encoding="UTF-8"?>
<testsuite xmlns:xsi="http://www.w3.org/2001/XMLSchema-instance" xsi:noNamespaceSchemaLocation="https://maven.apache.org/surefire/maven-surefire-plugin/xsd/surefire-test-report.xsd" name="TestSuite" time="2.074" tests="1" errors="0" skipped="0" failures="0">
  <properties>
    <property name="sun.desktop" value="windows"/>
    <property name="awt.toolkit" value="sun.awt.windows.WToolkit"/>
    <property name="file.encoding.pkg" value="sun.io"/>
    <property name="java.specification.version" value="1.8"/>
    <property name="sun.cpu.isalist" value="amd64"/>
    <property name="sun.jnu.encoding" value="GBK"/>
    <property name="java.class.path" value="C:\Users\roy08\IdeaProjects\VIP08Auto\target\test-classes;C:\Users\roy08\IdeaProjects\VIP08Auto\target\classes;C:\Users\roy08\.m2\repository\org\seleniumhq\selenium\selenium-java\3.141.59\selenium-java-3.141.59.jar;C:\Users\roy08\.m2\repository\org\seleniumhq\selenium\selenium-api\3.141.59\selenium-api-3.141.59.jar;C:\Users\roy08\.m2\repository\org\seleniumhq\selenium\selenium-chrome-driver\3.141.59\selenium-chrome-driver-3.141.59.jar;C:\Users\roy08\.m2\repository\org\seleniumhq\selenium\selenium-edge-driver\3.141.59\selenium-edge-driver-3.141.59.jar;C:\Users\roy08\.m2\repository\org\seleniumhq\selenium\selenium-firefox-driver\3.141.59\selenium-firefox-driver-3.141.59.jar;C:\Users\roy08\.m2\repository\org\seleniumhq\selenium\selenium-ie-driver\3.141.59\selenium-ie-driver-3.141.59.jar;C:\Users\roy08\.m2\repository\org\seleniumhq\selenium\selenium-opera-driver\3.141.59\selenium-opera-driver-3.141.59.jar;C:\Users\roy08\.m2\repository\org\seleniumhq\selenium\selenium-remote-driver\3.141.59\selenium-remote-driver-3.141.59.jar;C:\Users\roy08\.m2\repository\org\seleniumhq\selenium\selenium-safari-driver\3.141.59\selenium-safari-driver-3.141.59.jar;C:\Users\roy08\.m2\repository\org\seleniumhq\selenium\selenium-support\3.141.59\selenium-support-3.141.59.jar;C:\Users\roy08\.m2\repository\net\bytebuddy\byte-buddy\1.8.15\byte-buddy-1.8.15.jar;C:\Users\roy08\.m2\repository\org\apache\commons\commons-exec\1.3\commons-exec-1.3.jar;C:\Users\roy08\.m2\repository\com\google\guava\guava\25.0-jre\guava-25.0-jre.jar;C:\Users\roy08\.m2\repository\com\google\code\findbugs\jsr305\1.3.9\jsr305-1.3.9.jar;C:\Users\roy08\.m2\repository\org\checkerframework\checker-compat-qual\2.0.0\checker-compat-qual-2.0.0.jar;C:\Users\roy08\.m2\repository\com\google\errorprone\error_prone_annotations\2.1.3\error_prone_annotations-2.1.3.jar;C:\Users\roy08\.m2\repository\com\google\j2objc\j2objc-annotations\1.1\j2objc-annotations-1.1.jar;C:\Users\roy08\.m2\repository\org\codehaus\mojo\animal-sniffer-annotations\1.14\animal-sniffer-annotations-1.14.jar;C:\Users\roy08\.m2\repository\com\squareup\okhttp3\okhttp\3.11.0\okhttp-3.11.0.jar;C:\Users\roy08\.m2\repository\com\squareup\okio\okio\1.14.0\okio-1.14.0.jar;C:\Users\roy08\.m2\repository\mysql\mysql-connector-java\5.1.48\mysql-connector-java-5.1.48.jar;C:\Users\roy08\.m2\repository\org\apache\logging\log4j\log4j-core\2.12.1\log4j-core-2.12.1.jar;C:\Users\roy08\.m2\repository\org\apache\logging\log4j\log4j-api\2.12.1\log4j-api-2.12.1.jar;C:\Users\roy08\.m2\repository\org\apache\logging\log4j\log4j-1.2-api\2.12.1\log4j-1.2-api-2.12.1.jar;C:\Users\roy08\.m2\repository\org\apache\poi\poi\4.1.2\poi-4.1.2.jar;C:\Users\roy08\.m2\repository\commons-codec\commons-codec\1.13\commons-codec-1.13.jar;C:\Users\roy08\.m2\repository\org\apache\commons\commons-collections4\4.4\commons-collections4-4.4.jar;C:\Users\roy08\.m2\repository\org\apache\commons\commons-math3\3.6.1\commons-math3-3.6.1.jar;C:\Users\roy08\.m2\repository\com\zaxxer\SparseBitSet\1.2\SparseBitSet-1.2.jar;C:\Users\roy08\.m2\repository\org\apache\poi\poi-ooxml\4.1.2\poi-ooxml-4.1.2.jar;C:\Users\roy08\.m2\repository\org\apache\poi\poi-ooxml-schemas\4.1.2\poi-ooxml-schemas-4.1.2.jar;C:\Users\roy08\.m2\repository\org\apache\xmlbeans\xmlbeans\3.1.0\xmlbeans-3.1.0.jar;C:\Users\roy08\.m2\repository\org\apache\commons\commons-compress\1.19\commons-compress-1.19.jar;C:\Users\roy08\.m2\repository\com\github\virtuald\curvesapi\1.06\curvesapi-1.06.jar;C:\Users\roy08\.m2\repository\io\appium\java-client\7.3.0\java-client-7.3.0.jar;C:\Users\roy08\.m2\repository\com\google\code\gson\gson\2.8.5\gson-2.8.5.jar;C:\Users\roy08\.m2\repository\cglib\cglib\3.2.12\cglib-3.2.12.jar;C:\Users\roy08\.m2\repository\org\ow2\asm\asm\7.1\asm-7.1.jar;C:\Users\roy08\.m2\repository\commons-validator\commons-validator\1.6\commons-validator-1.6.jar;C:\Users\roy08\.m2\repository\commons-beanutils\commons-beanutils\1.9.2\commons-beanutils-1.9.2.jar;C:\Users\roy08\.m2\repository\commons-digester\commons-digester\1.8.1\commons-digester-1.8.1.jar;C:\Users\roy08\.m2\repository\commons-collections\commons-collections\3.2.2\commons-collections-3.2.2.jar;C:\Users\roy08\.m2\repository\org\apache\commons\commons-lang3\3.9\commons-lang3-3.9.jar;C:\Users\roy08\.m2\repository\commons-io\commons-io\2.6\commons-io-2.6.jar;C:\Users\roy08\.m2\repository\org\springframework\spring-context\5.1.8.RELEASE\spring-context-5.1.8.RELEASE.jar;C:\Users\roy08\.m2\repository\org\springframework\spring-aop\5.1.8.RELEASE\spring-aop-5.1.8.RELEASE.jar;C:\Users\roy08\.m2\repository\org\springframework\spring-beans\5.1.8.RELEASE\spring-beans-5.1.8.RELEASE.jar;C:\Users\roy08\.m2\repository\org\springframework\spring-core\5.1.8.RELEASE\spring-core-5.1.8.RELEASE.jar;C:\Users\roy08\.m2\repository\org\springframework\spring-jcl\5.1.8.RELEASE\spring-jcl-5.1.8.RELEASE.jar;C:\Users\roy08\.m2\repository\org\springframework\spring-expression\5.1.8.RELEASE\spring-expression-5.1.8.RELEASE.jar;C:\Users\roy08\.m2\repository\org\aspectj\aspectjweaver\1.9.4\aspectjweaver-1.9.4.jar;C:\Users\roy08\.m2\repository\org\slf4j\slf4j-api\1.7.26\slf4j-api-1.7.26.jar;C:\Users\roy08\.m2\repository\org\apache\httpcomponents\httpclient\4.5.11\httpclient-4.5.11.jar;C:\Users\roy08\.m2\repository\org\apache\httpcomponents\httpcore\4.4.13\httpcore-4.4.13.jar;C:\Users\roy08\.m2\repository\commons-logging\commons-logging\1.2\commons-logging-1.2.jar;C:\Users\roy08\.m2\repository\org\apache\httpcomponents\httpmime\4.5.11\httpmime-4.5.11.jar;C:\Users\roy08\.m2\repository\com\alibaba\fastjson\1.2.73\fastjson-1.2.73.jar;C:\Users\roy08\.m2\repository\org\apache\axis2\axis2-kernel\1.7.9\axis2-kernel-1.7.9.jar;C:\Users\roy08\.m2\repository\org\apache\ws\commons\axiom\axiom-api\1.2.21\axiom-api-1.2.21.jar;C:\Users\roy08\.m2\repository\jaxen\jaxen\1.1.6\jaxen-1.1.6.jar;C:\Users\roy08\.m2\repository\org\apache\geronimo\specs\geronimo-stax-api_1.0_spec\1.0.1\geronimo-stax-api_1.0_spec-1.0.1.jar;C:\Users\roy08\.m2\repository\org\apache\james\apache-mime4j-core\0.7.2\apache-mime4j-core-0.7.2.jar;C:\Users\roy08\.m2\repository\org\apache\ws\commons\axiom\axiom-impl\1.2.21\axiom-impl-1.2.21.jar;C:\Users\roy08\.m2\repository\org\codehaus\woodstox\woodstox-core-asl\4.2.0\woodstox-core-asl-4.2.0.jar;C:\Users\roy08\.m2\repository\org\codehaus\woodstox\stax2-api\3.1.1\stax2-api-3.1.1.jar;C:\Users\roy08\.m2\repository\org\apache\geronimo\specs\geronimo-ws-metadata_2.0_spec\1.1.2\geronimo-ws-metadata_2.0_spec-1.1.2.jar;C:\Users\roy08\.m2\repository\org\apache\geronimo\specs\geronimo-jta_1.1_spec\1.1\geronimo-jta_1.1_spec-1.1.jar;C:\Users\roy08\.m2\repository\javax\servlet\servlet-api\2.3\servlet-api-2.3.jar;C:\Users\roy08\.m2\repository\commons-fileupload\commons-fileupload\1.3.3\commons-fileupload-1.3.3.jar;C:\Users\roy08\.m2\repository\wsdl4j\wsdl4j\1.6.2\wsdl4j-1.6.2.jar;C:\Users\roy08\.m2\repository\org\apache\ws\xmlschema\xmlschema-core\2.2.1\xmlschema-core-2.2.1.jar;C:\Users\roy08\.m2\repository\org\apache\neethi\neethi\3.0.3\neethi-3.0.3.jar;C:\Users\roy08\.m2\repository\org\apache\woden\woden-core\1.0M10\woden-core-1.0M10.jar;C:\Users\roy08\.m2\repository\javax\ws\rs\jsr311-api\1.1.1\jsr311-api-1.1.1.jar;C:\Users\roy08\.m2\repository\org\apache\axis2\axis2-transport-http\1.7.9\axis2-transport-http-1.7.9.jar;C:\Users\roy08\.m2\repository\commons-httpclient\commons-httpclient\3.1\commons-httpclient-3.1.jar;C:\Users\roy08\.m2\repository\org\apache\axis2\axis2-adb\1.7.9\axis2-adb-1.7.9.jar;C:\Users\roy08\.m2\repository\org\apache\ws\commons\axiom\axiom-dom\1.2.21\axiom-dom-1.2.21.jar;C:\Users\roy08\.m2\repository\org\apache\geronimo\specs\geronimo-activation_1.1_spec\1.0.2\geronimo-activation_1.1_spec-1.0.2.jar;C:\Users\roy08\.m2\repository\org\apache\axis2\axis2-transport-local\1.7.9\axis2-transport-local-1.7.9.jar;C:\Users\roy08\.m2\repository\com\sun\mail\javax.mail\1.6.2\javax.mail-1.6.2.jar;C:\Users\roy08\.m2\repository\javax\activation\activation\1.1\activation-1.1.jar;C:\Users\roy08\.m2\repository\org\testng\testng\6.14.3\testng-6.14.3.jar;C:\Users\roy08\.m2\repository\com\beust\jcommander\1.72\jcommander-1.72.jar;C:\Users\roy08\.m2\repository\org\apache-extras\beanshell\bsh\2.0b6\bsh-2.0b6.jar;C:\Users\roy08\.m2\repository\io\qameta\allure\allure-testng\2.13.2\allure-testng-2.13.2.jar;C:\Users\roy08\.m2\repository\io\qameta\allure\allure-java-commons\2.13.2\allure-java-commons-2.13.2.jar;C:\Users\roy08\.m2\repository\io\qameta\allure\allure-model\2.13.2\allure-model-2.13.2.jar;C:\Users\roy08\.m2\repository\com\fasterxml\jackson\core\jackson-databind\2.9.8\jackson-databind-2.9.8.jar;C:\Users\roy08\.m2\repository\com\fasterxml\jackson\core\jackson-annotations\2.9.0\jackson-annotations-2.9.0.jar;C:\Users\roy08\.m2\repository\com\fasterxml\jackson\core\jackson-core\2.9.8\jackson-core-2.9.8.jar;C:\Users\roy08\.m2\repository\org\apache\tika\tika-core\1.20\tika-core-1.20.jar;C:\Users\roy08\.m2\repository\org\jooq\joor-java-8\0.9.10\joor-java-8-0.9.10.jar;C:\Users\roy08\.m2\repository\org\hamcrest\hamcrest-all\1.3\hamcrest-all-1.3.jar;C:\Users\roy08\.m2\repository\org\slf4j\slf4j-simple\1.7.30\slf4j-simple-1.7.30.jar;"/>
    <property name="java.vm.vendor" value="Oracle Corporation"/>
    <property name="sun.arch.data.model" value="64"/>
    <property name="user.variant" value=""/>
    <property name="java.vendor.url" value="http://java.oracle.com/"/>
    <property name="user.timezone" value="Asia/Shanghai"/>
    <property name="java.vm.specification.version" value="1.8"/>
    <property name="os.name" value="Windows 10"/>
    <property name="user.country" value="CN"/>
    <property name="sun.java.launcher" value="SUN_STANDARD"/>
    <property name="sun.boot.library.path" value="C:\Program Files\Java\jdk1.8.0_251\jre\bin"/>
    <property name="sun.java.command" value="C:\Users\roy08\AppData\Local\Temp\surefire7871546789955224315\surefirebooter8000587186259677729.jar C:\Users\roy08\AppData\Local\Temp\surefire7871546789955224315 2021-03-04T17-36-58_747-jvmRun1 surefire7457655004696879526tmp surefire_02245826273524425693tmp"/>
    <property name="surefire.test.class.path" value="C:\Users\roy08\IdeaProjects\VIP08Auto\target\test-classes;C:\Users\roy08\IdeaProjects\VIP08Auto\target\classes;C:\Users\roy08\.m2\repository\org\seleniumhq\selenium\selenium-java\3.141.59\selenium-java-3.141.59.jar;C:\Users\roy08\.m2\repository\org\seleniumhq\selenium\selenium-api\3.141.59\selenium-api-3.141.59.jar;C:\Users\roy08\.m2\repository\org\seleniumhq\selenium\selenium-chrome-driver\3.141.59\selenium-chrome-driver-3.141.59.jar;C:\Users\roy08\.m2\repository\org\seleniumhq\selenium\selenium-edge-driver\3.141.59\selenium-edge-driver-3.141.59.jar;C:\Users\roy08\.m2\repository\org\seleniumhq\selenium\selenium-firefox-driver\3.141.59\selenium-firefox-driver-3.141.59.jar;C:\Users\roy08\.m2\repository\org\seleniumhq\selenium\selenium-ie-driver\3.141.59\selenium-ie-driver-3.141.59.jar;C:\Users\roy08\.m2\repository\org\seleniumhq\selenium\selenium-opera-driver\3.141.59\selenium-opera-driver-3.141.59.jar;C:\Users\roy08\.m2\repository\org\seleniumhq\selenium\selenium-remote-driver\3.141.59\selenium-remote-driver-3.141.59.jar;C:\Users\roy08\.m2\repository\org\seleniumhq\selenium\selenium-safari-driver\3.141.59\selenium-safari-driver-3.141.59.jar;C:\Users\roy08\.m2\repository\org\seleniumhq\selenium\selenium-support\3.141.59\selenium-support-3.141.59.jar;C:\Users\roy08\.m2\repository\net\bytebuddy\byte-buddy\1.8.15\byte-buddy-1.8.15.jar;C:\Users\roy08\.m2\repository\org\apache\commons\commons-exec\1.3\commons-exec-1.3.jar;C:\Users\roy08\.m2\repository\com\google\guava\guava\25.0-jre\guava-25.0-jre.jar;C:\Users\roy08\.m2\repository\com\google\code\findbugs\jsr305\1.3.9\jsr305-1.3.9.jar;C:\Users\roy08\.m2\repository\org\checkerframework\checker-compat-qual\2.0.0\checker-compat-qual-2.0.0.jar;C:\Users\roy08\.m2\repository\com\google\errorprone\error_prone_annotations\2.1.3\error_prone_annotations-2.1.3.jar;C:\Users\roy08\.m2\repository\com\google\j2objc\j2objc-annotations\1.1\j2objc-annotations-1.1.jar;C:\Users\roy08\.m2\repository\org\codehaus\mojo\animal-sniffer-annotations\1.14\animal-sniffer-annotations-1.14.jar;C:\Users\roy08\.m2\repository\com\squareup\okhttp3\okhttp\3.11.0\okhttp-3.11.0.jar;C:\Users\roy08\.m2\repository\com\squareup\okio\okio\1.14.0\okio-1.14.0.jar;C:\Users\roy08\.m2\repository\mysql\mysql-connector-java\5.1.48\mysql-connector-java-5.1.48.jar;C:\Users\roy08\.m2\repository\org\apache\logging\log4j\log4j-core\2.12.1\log4j-core-2.12.1.jar;C:\Users\roy08\.m2\repository\org\apache\logging\log4j\log4j-api\2.12.1\log4j-api-2.12.1.jar;C:\Users\roy08\.m2\repository\org\apache\logging\log4j\log4j-1.2-api\2.12.1\log4j-1.2-api-2.12.1.jar;C:\Users\roy08\.m2\repository\org\apache\poi\poi\4.1.2\poi-4.1.2.jar;C:\Users\roy08\.m2\repository\commons-codec\commons-codec\1.13\commons-codec-1.13.jar;C:\Users\roy08\.m2\repository\org\apache\commons\commons-collections4\4.4\commons-collections4-4.4.jar;C:\Users\roy08\.m2\repository\org\apache\commons\commons-math3\3.6.1\commons-math3-3.6.1.jar;C:\Users\roy08\.m2\repository\com\zaxxer\SparseBitSet\1.2\SparseBitSet-1.2.jar;C:\Users\roy08\.m2\repository\org\apache\poi\poi-ooxml\4.1.2\poi-ooxml-4.1.2.jar;C:\Users\roy08\.m2\repository\org\apache\poi\poi-ooxml-schemas\4.1.2\poi-ooxml-schemas-4.1.2.jar;C:\Users\roy08\.m2\repository\org\apache\xmlbeans\xmlbeans\3.1.0\xmlbeans-3.1.0.jar;C:\Users\roy08\.m2\repository\org\apache\commons\commons-compress\1.19\commons-compress-1.19.jar;C:\Users\roy08\.m2\repository\com\github\virtuald\curvesapi\1.06\curvesapi-1.06.jar;C:\Users\roy08\.m2\repository\io\appium\java-client\7.3.0\java-client-7.3.0.jar;C:\Users\roy08\.m2\repository\com\google\code\gson\gson\2.8.5\gson-2.8.5.jar;C:\Users\roy08\.m2\repository\cglib\cglib\3.2.12\cglib-3.2.12.jar;C:\Users\roy08\.m2\repository\org\ow2\asm\asm\7.1\asm-7.1.jar;C:\Users\roy08\.m2\repository\commons-validator\commons-validator\1.6\commons-validator-1.6.jar;C:\Users\roy08\.m2\repository\commons-beanutils\commons-beanutils\1.9.2\commons-beanutils-1.9.2.jar;C:\Users\roy08\.m2\repository\commons-digester\commons-digester\1.8.1\commons-digester-1.8.1.jar;C:\Users\roy08\.m2\repository\commons-collections\commons-collections\3.2.2\commons-collections-3.2.2.jar;C:\Users\roy08\.m2\repository\org\apache\commons\commons-lang3\3.9\commons-lang3-3.9.jar;C:\Users\roy08\.m2\repository\commons-io\commons-io\2.6\commons-io-2.6.jar;C:\Users\roy08\.m2\repository\org\springframework\spring-context\5.1.8.RELEASE\spring-context-5.1.8.RELEASE.jar;C:\Users\roy08\.m2\repository\org\springframework\spring-aop\5.1.8.RELEASE\spring-aop-5.1.8.RELEASE.jar;C:\Users\roy08\.m2\repository\org\springframework\spring-beans\5.1.8.RELEASE\spring-beans-5.1.8.RELEASE.jar;C:\Users\roy08\.m2\repository\org\springframework\spring-core\5.1.8.RELEASE\spring-core-5.1.8.RELEASE.jar;C:\Users\roy08\.m2\repository\org\springframework\spring-jcl\5.1.8.RELEASE\spring-jcl-5.1.8.RELEASE.jar;C:\Users\roy08\.m2\repository\org\springframework\spring-expression\5.1.8.RELEASE\spring-expression-5.1.8.RELEASE.jar;C:\Users\roy08\.m2\repository\org\aspectj\aspectjweaver\1.9.4\aspectjweaver-1.9.4.jar;C:\Users\roy08\.m2\repository\org\slf4j\slf4j-api\1.7.26\slf4j-api-1.7.26.jar;C:\Users\roy08\.m2\repository\org\apache\httpcomponents\httpclient\4.5.11\httpclient-4.5.11.jar;C:\Users\roy08\.m2\repository\org\apache\httpcomponents\httpcore\4.4.13\httpcore-4.4.13.jar;C:\Users\roy08\.m2\repository\commons-logging\commons-logging\1.2\commons-logging-1.2.jar;C:\Users\roy08\.m2\repository\org\apache\httpcomponents\httpmime\4.5.11\httpmime-4.5.11.jar;C:\Users\roy08\.m2\repository\com\alibaba\fastjson\1.2.73\fastjson-1.2.73.jar;C:\Users\roy08\.m2\repository\org\apache\axis2\axis2-kernel\1.7.9\axis2-kernel-1.7.9.jar;C:\Users\roy08\.m2\repository\org\apache\ws\commons\axiom\axiom-api\1.2.21\axiom-api-1.2.21.jar;C:\Users\roy08\.m2\repository\jaxen\jaxen\1.1.6\jaxen-1.1.6.jar;C:\Users\roy08\.m2\repository\org\apache\geronimo\specs\geronimo-stax-api_1.0_spec\1.0.1\geronimo-stax-api_1.0_spec-1.0.1.jar;C:\Users\roy08\.m2\repository\org\apache\james\apache-mime4j-core\0.7.2\apache-mime4j-core-0.7.2.jar;C:\Users\roy08\.m2\repository\org\apache\ws\commons\axiom\axiom-impl\1.2.21\axiom-impl-1.2.21.jar;C:\Users\roy08\.m2\repository\org\codehaus\woodstox\woodstox-core-asl\4.2.0\woodstox-core-asl-4.2.0.jar;C:\Users\roy08\.m2\repository\org\codehaus\woodstox\stax2-api\3.1.1\stax2-api-3.1.1.jar;C:\Users\roy08\.m2\repository\org\apache\geronimo\specs\geronimo-ws-metadata_2.0_spec\1.1.2\geronimo-ws-metadata_2.0_spec-1.1.2.jar;C:\Users\roy08\.m2\repository\org\apache\geronimo\specs\geronimo-jta_1.1_spec\1.1\geronimo-jta_1.1_spec-1.1.jar;C:\Users\roy08\.m2\repository\javax\servlet\servlet-api\2.3\servlet-api-2.3.jar;C:\Users\roy08\.m2\repository\commons-fileupload\commons-fileupload\1.3.3\commons-fileupload-1.3.3.jar;C:\Users\roy08\.m2\repository\wsdl4j\wsdl4j\1.6.2\wsdl4j-1.6.2.jar;C:\Users\roy08\.m2\repository\org\apache\ws\xmlschema\xmlschema-core\2.2.1\xmlschema-core-2.2.1.jar;C:\Users\roy08\.m2\repository\org\apache\neethi\neethi\3.0.3\neethi-3.0.3.jar;C:\Users\roy08\.m2\repository\org\apache\woden\woden-core\1.0M10\woden-core-1.0M10.jar;C:\Users\roy08\.m2\repository\javax\ws\rs\jsr311-api\1.1.1\jsr311-api-1.1.1.jar;C:\Users\roy08\.m2\repository\org\apache\axis2\axis2-transport-http\1.7.9\axis2-transport-http-1.7.9.jar;C:\Users\roy08\.m2\repository\commons-httpclient\commons-httpclient\3.1\commons-httpclient-3.1.jar;C:\Users\roy08\.m2\repository\org\apache\axis2\axis2-adb\1.7.9\axis2-adb-1.7.9.jar;C:\Users\roy08\.m2\repository\org\apache\ws\commons\axiom\axiom-dom\1.2.21\axiom-dom-1.2.21.jar;C:\Users\roy08\.m2\repository\org\apache\geronimo\specs\geronimo-activation_1.1_spec\1.0.2\geronimo-activation_1.1_spec-1.0.2.jar;C:\Users\roy08\.m2\repository\org\apache\axis2\axis2-transport-local\1.7.9\axis2-transport-local-1.7.9.jar;C:\Users\roy08\.m2\repository\com\sun\mail\javax.mail\1.6.2\javax.mail-1.6.2.jar;C:\Users\roy08\.m2\repository\javax\activation\activation\1.1\activation-1.1.jar;C:\Users\roy08\.m2\repository\org\testng\testng\6.14.3\testng-6.14.3.jar;C:\Users\roy08\.m2\repository\com\beust\jcommander\1.72\jcommander-1.72.jar;C:\Users\roy08\.m2\repository\org\apache-extras\beanshell\bsh\2.0b6\bsh-2.0b6.jar;C:\Users\roy08\.m2\repository\io\qameta\allure\allure-testng\2.13.2\allure-testng-2.13.2.jar;C:\Users\roy08\.m2\repository\io\qameta\allure\allure-java-commons\2.13.2\allure-java-commons-2.13.2.jar;C:\Users\roy08\.m2\repository\io\qameta\allure\allure-model\2.13.2\allure-model-2.13.2.jar;C:\Users\roy08\.m2\repository\com\fasterxml\jackson\core\jackson-databind\2.9.8\jackson-databind-2.9.8.jar;C:\Users\roy08\.m2\repository\com\fasterxml\jackson\core\jackson-annotations\2.9.0\jackson-annotations-2.9.0.jar;C:\Users\roy08\.m2\repository\com\fasterxml\jackson\core\jackson-core\2.9.8\jackson-core-2.9.8.jar;C:\Users\roy08\.m2\repository\org\apache\tika\tika-core\1.20\tika-core-1.20.jar;C:\Users\roy08\.m2\repository\org\jooq\joor-java-8\0.9.10\joor-java-8-0.9.10.jar;C:\Users\roy08\.m2\repository\org\hamcrest\hamcrest-all\1.3\hamcrest-all-1.3.jar;C:\Users\roy08\.m2\repository\org\slf4j\slf4j-simple\1.7.30\slf4j-simple-1.7.30.jar;"/>
    <property name="sun.cpu.endian" value="little"/>
    <property name="user.home" value="C:\Users\roy08"/>
    <property name="user.language" value="zh"/>
    <property name="java.specification.vendor" value="Oracle Corporation"/>
    <property name="java.home" value="C:\Program Files\Java\jdk1.8.0_251\jre"/>
    <property name="basedir" value="C:\Users\roy08\IdeaProjects\VIP08Auto"/>
    <property name="file.separator" value="\"/>
    <property name="line.separator" value="&#10;"/>
    <property name="java.vm.specification.vendor" value="Oracle Corporation"/>
    <property name="java.specification.name" value="Java Platform API Specification"/>
    <property name="java.awt.graphicsenv" value="sun.awt.Win32GraphicsEnvironment"/>
    <property name="surefire.real.class.path" value="C:\Users\roy08\AppData\Local\Temp\surefire7871546789955224315\surefirebooter8000587186259677729.jar;C:\Users\roy08\.m2\repository/org/aspectj/aspectjweaver/1.9.5/aspectjweaver-1.9.5.jar"/>
    <property name="sun.boot.class.path" value="C:\Program Files\Java\jdk1.8.0_251\jre\lib\resources.jar;C:\Program Files\Java\jdk1.8.0_251\jre\lib\rt.jar;C:\Program Files\Java\jdk1.8.0_251\jre\lib\sunrsasign.jar;C:\Program Files\Java\jdk1.8.0_251\jre\lib\jsse.jar;C:\Program Files\Java\jdk1.8.0_251\jre\lib\jce.jar;C:\Program Files\Java\jdk1.8.0_251\jre\lib\charsets.jar;C:\Program Files\Java\jdk1.8.0_251\jre\lib\jfr.jar;C:\Program Files\Java\jdk1.8.0_251\jre\classes"/>
    <property name="user.script" value=""/>
    <property name="sun.management.compiler" value="HotSpot 64-Bit Tiered Compilers"/>
    <property name="java.runtime.version" value="1.8.0_251-b08"/>
    <property name="user.name" value="roy08"/>
    <property name="path.separator" value=";"/>
    <property name="os.version" value="10.0"/>
    <property name="java.endorsed.dirs" value="C:\Program Files\Java\jdk1.8.0_251\jre\lib\endorsed"/>
    <property name="java.runtime.name" value="Java(TM) SE Runtime Environment"/>
    <property name="file.encoding" value="GBK"/>
    <property name="java.vm.name" value="Java HotSpot(TM) 64-Bit Server VM"/>
    <property name="localRepository" value="C:\Users\roy08\.m2\repository"/>
    <property name="java.vendor.url.bug" value="http://bugreport.sun.com/bugreport/"/>
    <property name="java.io.tmpdir" value="C:\Users\roy08\AppData\Local\Temp\"/>
    <property name="java.version" value="1.8.0_251"/>
    <property name="user.dir" value="C:\Users\roy08\IdeaProjects\VIP08Auto"/>
    <property name="os.arch" value="amd64"/>
    <property name="java.vm.specification.name" value="Java Virtual Machine Specification"/>
    <property name="java.awt.printerjob" value="sun.awt.windows.WPrinterJob"/>
    <property name="sun.os.patch.level" value=""/>
    <property name="testxml" value="group.xml"/>
    <property name="java.library.path" value="C:\Program Files\Java\jdk1.8.0_251\jre\bin;C:\WINDOWS\Sun\Java\bin;C:\WINDOWS\system32;C:\WINDOWS;E:\AutoTools\chromedriver\86;C:\Program Files\Java\jdk1.8.0_251\bin;D:\SoftWare\XManager\Xftp\;D:\SoftWare\XManager\XShell\;D:\Python\Scripts\;D:\Python\;C:\Windows\system32;C:\Windows;C:\Windows\System32\Wbem;C:\Windows\System32\WindowsPowerShell\v1.0\;C:\Windows\System32\OpenSSH\;C:\Program Files (x86)\NVIDIA Corporation\PhysX\Common;C:\Program Files\NVIDIA Corporation\NVIDIA NGX;C:\Program Files\NVIDIA Corporation\NVIDIA NvDLISR;C:\Program Files\Java\jdk1.8.0_221\bin;E:\Android\android-sdk-windows\platform-tools;E:\Android\android-sdk-windows\tools;C:\WINDOWS\system32;C:\WINDOWS;C:\WINDOWS\System32\Wbem;C:\WINDOWS\System32\WindowsPowerShell\v1.0\;C:\WINDOWS\System32\OpenSSH\;E:\maven362\apache-maven-3.6.2\bin;D:\SoftWare\Git\cmd;C:\Program Files\nodejs\;D:\SoftWare\Evernote\;C:\Program Files\Common Files\Oracle\Java\javapath;C:\Users\roy08\AppData\Local\Microsoft\WindowsApps;D:\SoftWare\Fiddler;D:\SoftWare\PyCharm Community Edition 2019.2.3\bin;C:\Users\roy08\AppData\Local\Microsoft\WindowsApps;C:\Users\roy08\AppData\Roaming\npm;."/>
    <property name="java.vm.info" value="mixed mode"/>
    <property name="java.vendor" value="Oracle Corporation"/>
    <property name="java.vm.version" value="25.251-b08"/>
    <property name="java.ext.dirs" value="C:\Program Files\Java\jdk1.8.0_251\jre\lib\ext;C:\WINDOWS\Sun\Java\lib\ext"/>
    <property name="sun.io.unicode.encoding" value="UnicodeLittle"/>
    <property name="java.class.version" value="52.0"/>
  </properties>
  <testcase name="demo1" classname="com.testing.class18.DemoNG" time="0.831"/>
</testsuite>