<?xml version="1.0" encoding="UTF-8"?>
<!-- Generated by org.testng.reporters.JUnitReportReporter -->
<testsuite skipped="0" hostname="DESKTOP-ATQ3D2C" name="com.testing.class18.DemoNG" tests="1" failures="0" timestamp="04 三月 2021 09:37:01 GMT" time="0.831" errors="0">
  <testcase name="demo1" time="0.831" classname="com.testing.class18.DemoNG"/>
</testsuite> <!-- com.testing.class18.DemoNG -->
